<?xml version="1.0" encoding="UTF-8"?>
<!-- Generated by org.testng.reporters.JUnitXMLReporter -->
<testsuite ignored="1" hostname="rb-ssuri" failures="1" tests="3" name="UITest" time="15.09" errors="0" timestamp="2024-05-17T13:30:07 IST">
  <testcase classname="ui_tests.UploadCSVCreateHero" name="testUploadCSVCreateHero" time="4.035">
    <failure type="java.lang.AssertionError" message="expected [true] but found [false]">
      <![CDATA[java.lang.AssertionError: expected [true] but found [false]
at ui_tests.UploadCSVCreateHero.testUploadCSVCreateHero(UploadCSVCreateHero.java:56)
at java.base/java.util.ArrayList.forEach(ArrayList.java:1596)
... Removed 29 stack frames]]>
    </failure>
  </testcase> <!-- testUploadCSVCreateHero -->
  <testcase classname="ui_tests.UploadCSVCreateHero" name="testUploadErrorCSVCreateHero" time="3.723"/>
  <testcase classname="ui_tests.GenerateTaxRelief" name="testGenerateTaxRelief" time="0.0">
    <skipped/>
  </testcase> <!-- testGenerateTaxRelief -->
  <testcase classname="core.BaseClass" name="@BeforeSuite beforeSuite" time="0.0">
    <ignored/>
  </testcase> <!-- @BeforeSuite beforeSuite -->
</testsuite> <!-- UITest -->
